<?xml version="1.0" encoding="UTF-8"?>
<!-- Generated by org.testng.reporters.JUnitXMLReporter -->
<testsuite ignored="2" hostname="DESKTOP-RV9VIUP" failures="0" tests="1" name="Test" time="44.625" errors="0" timestamp="2026-03-01T17:09:34 GMT+03:00">
  <testcase classname="testCases.TC002_Login" name="verify_account_registration" time="4.369"/>
  <testcase classname="testCases.TC003_LoginDDT" name="verify_loginDDT" time="0.0">
    <ignored/>
  </testcase> <!-- verify_loginDDT -->
  <testcase classname="testCases.TC001_AccountRegistration" name="verify_account_registration" time="0.0">
    <ignored/>
  </testcase> <!-- verify_account_registration -->
</testsuite> <!-- Test -->
