<?xml version="1.0" encoding="UTF-8"?>
<!-- Generated by org.testng.reporters.JUnitXMLReporter -->
<testsuite ignored="1" hostname="DESKTOP-RV9VIUP" failures="0" tests="5" name="Test" time="86.984" errors="0" timestamp="2026-03-11T16:37:35 GMT+03:00">
  <testcase classname="testCases.TC001_AccountRegistration" name="verify_account_registration" time="7.25"/>
  <testcase classname="testCases.TC002_Login" name="verify_account_registration" time="3.398"/>
  <testcase classname="testCases.TC004_SearchProduct" name="verify_search_Macbook" time="1.058"/>
  <testcase classname="testCases.TC005_AddToCart" name="add_to_cart" time="2.053"/>
  <testcase classname="testCases.TC006_EndToEndTest" name="end_to_end" time="10.353"/>
  <testcase classname="testCases.TC003_LoginDDT" name="verify_loginDDT" time="0.0">
    <ignored/>
  </testcase> <!-- verify_loginDDT -->
</testsuite> <!-- Test -->
