<?xml version="1.0" encoding="UTF-8"?>
<testng-results ignored="1" total="6" passed="5" failed="0" skipped="0">
  <reporter-output>
  </reporter-output>
  <suite started-at="2026-03-11T16:36:05 GMT+03:00" name="Suite" finished-at="2026-03-11T16:37:32 GMT+03:00" duration-ms="86984">
    <groups>
      <group name="Master">
        <method signature="TC001_AccountRegistration.verify_account_registration()[pri:0, instance:testCases.TC001_AccountRegistration@be68757]" name="verify_account_registration" class="testCases.TC001_AccountRegistration"/>
        <method signature="TC002_Login.verify_account_registration()[pri:0, instance:testCases.TC002_Login@1f53a5dc]" name="verify_account_registration" class="testCases.TC002_Login"/>
        <method signature="TC004_SearchProduct.verify_search_Macbook()[pri:0, instance:testCases.TC004_SearchProduct@1984b1f]" name="verify_search_Macbook" class="testCases.TC004_SearchProduct"/>
        <method signature="TC005_AddToCart.add_to_cart()[pri:0, instance:testCases.TC005_AddToCart@3bd323e9]" name="add_to_cart" class="testCases.TC005_AddToCart"/>
        <method signature="TC006_EndToEndTest.end_to_end()[pri:0, instance:testCases.TC006_EndToEndTest@39ac0c0a]" name="end_to_end" class="testCases.TC006_EndToEndTest"/>
      </group> <!-- Master -->
      <group name="Sanity">
        <method signature="TC002_Login.verify_account_registration()[pri:0, instance:testCases.TC002_Login@1f53a5dc]" name="verify_account_registration" class="testCases.TC002_Login"/>
      </group> <!-- Sanity -->
      <group name="Regression">
        <method signature="TC001_AccountRegistration.verify_account_registration()[pri:0, instance:testCases.TC001_AccountRegistration@be68757]" name="verify_account_registration" class="testCases.TC001_AccountRegistration"/>
        <method signature="TC004_SearchProduct.verify_search_Macbook()[pri:0, instance:testCases.TC004_SearchProduct@1984b1f]" name="verify_search_Macbook" class="testCases.TC004_SearchProduct"/>
        <method signature="TC005_AddToCart.add_to_cart()[pri:0, instance:testCases.TC005_AddToCart@3bd323e9]" name="add_to_cart" class="testCases.TC005_AddToCart"/>
      </group> <!-- Regression -->
    </groups>
    <test started-at="2026-03-11T16:36:05 GMT+03:00" name="Test" finished-at="2026-03-11T16:37:32 GMT+03:00" duration-ms="86984">
      <class name="testCases.TC005_AddToCart">
        <test-method is-config="true" signature="setup(java.lang.String,java.lang.String)[pri:0, instance:testCases.TC005_AddToCart@3bd323e9]" started-at="2026-03-11T16:36:59 GMT+03:00" name="setup" finished-at="2026-03-11T16:37:08 GMT+03:00" duration-ms="8291" status="PASS">
          <params>
            <param index="0">
              <value>
                <![CDATA[Windows]]>
              </value>
            </param>
            <param index="1">
              <value>
                <![CDATA[Chrome]]>
              </value>
            </param>
          </params>
          <reporter-output>
          </reporter-output>
        </test-method> <!-- setup -->
        <test-method signature="add_to_cart()[pri:0, instance:testCases.TC005_AddToCart@3bd323e9]" started-at="2026-03-11T16:37:08 GMT+03:00" name="add_to_cart" finished-at="2026-03-11T16:37:10 GMT+03:00" duration-ms="2053" status="PASS">
          <reporter-output>
          </reporter-output>
        </test-method> <!-- add_to_cart -->
        <test-method is-config="true" signature="exit()[pri:0, instance:testCases.TC005_AddToCart@3bd323e9]" started-at="2026-03-11T16:37:10 GMT+03:00" name="exit" finished-at="2026-03-11T16:37:12 GMT+03:00" duration-ms="2259" status="PASS">
          <reporter-output>
          </reporter-output>
        </test-method> <!-- exit -->
      </class> <!-- testCases.TC005_AddToCart -->
      <class name="testCases.TC006_EndToEndTest">
        <test-method is-config="true" signature="setup(java.lang.String,java.lang.String)[pri:0, instance:testCases.TC006_EndToEndTest@39ac0c0a]" started-at="2026-03-11T16:37:12 GMT+03:00" name="setup" finished-at="2026-03-11T16:37:21 GMT+03:00" duration-ms="9024" status="PASS">
          <params>
            <param index="0">
              <value>
                <![CDATA[Windows]]>
              </value>
            </param>
            <param index="1">
              <value>
                <![CDATA[Chrome]]>
              </value>
            </param>
          </params>
          <reporter-output>
          </reporter-output>
        </test-method> <!-- setup -->
        <test-method signature="end_to_end()[pri:0, instance:testCases.TC006_EndToEndTest@39ac0c0a]" started-at="2026-03-11T16:37:21 GMT+03:00" name="end_to_end" finished-at="2026-03-11T16:37:31 GMT+03:00" duration-ms="10353" status="PASS">
          <reporter-output>
          </reporter-output>
        </test-method> <!-- end_to_end -->
        <test-method is-config="true" signature="exit()[pri:0, instance:testCases.TC006_EndToEndTest@39ac0c0a]" started-at="2026-03-11T16:37:31 GMT+03:00" name="exit" finished-at="2026-03-11T16:37:32 GMT+03:00" duration-ms="848" status="PASS">
          <reporter-output>
          </reporter-output>
        </test-method> <!-- exit -->
      </class> <!-- testCases.TC006_EndToEndTest -->
      <class name="testCases.TC001_AccountRegistration">
        <test-method is-config="true" signature="setup(java.lang.String,java.lang.String)[pri:0, instance:testCases.TC001_AccountRegistration@be68757]" started-at="2026-03-11T16:36:06 GMT+03:00" name="setup" finished-at="2026-03-11T16:36:27 GMT+03:00" duration-ms="21072" status="PASS">
          <params>
            <param index="0">
              <value>
                <![CDATA[Windows]]>
              </value>
            </param>
            <param index="1">
              <value>
                <![CDATA[Chrome]]>
              </value>
            </param>
          </params>
          <reporter-output>
          </reporter-output>
        </test-method> <!-- setup -->
        <test-method signature="verify_account_registration()[pri:0, instance:testCases.TC001_AccountRegistration@be68757]" started-at="2026-03-11T16:36:27 GMT+03:00" name="verify_account_registration" finished-at="2026-03-11T16:36:35 GMT+03:00" duration-ms="7250" status="PASS">
          <reporter-output>
          </reporter-output>
        </test-method> <!-- verify_account_registration -->
        <test-method is-config="true" signature="exit()[pri:0, instance:testCases.TC001_AccountRegistration@be68757]" started-at="2026-03-11T16:36:35 GMT+03:00" name="exit" finished-at="2026-03-11T16:36:36 GMT+03:00" duration-ms="1358" status="PASS">
          <reporter-output>
          </reporter-output>
        </test-method> <!-- exit -->
      </class> <!-- testCases.TC001_AccountRegistration -->
      <class name="testCases.TC002_Login">
        <test-method is-config="true" signature="setup(java.lang.String,java.lang.String)[pri:0, instance:testCases.TC002_Login@1f53a5dc]" started-at="2026-03-11T16:36:36 GMT+03:00" name="setup" finished-at="2026-03-11T16:36:45 GMT+03:00" duration-ms="8995" status="PASS">
          <params>
            <param index="0">
              <value>
                <![CDATA[Windows]]>
              </value>
            </param>
            <param index="1">
              <value>
                <![CDATA[Chrome]]>
              </value>
            </param>
          </params>
          <reporter-output>
          </reporter-output>
        </test-method> <!-- setup -->
        <test-method signature="verify_account_registration()[pri:0, instance:testCases.TC002_Login@1f53a5dc]" started-at="2026-03-11T16:36:45 GMT+03:00" name="verify_account_registration" finished-at="2026-03-11T16:36:48 GMT+03:00" duration-ms="3398" status="PASS">
          <reporter-output>
          </reporter-output>
        </test-method> <!-- verify_account_registration -->
        <test-method is-config="true" signature="exit()[pri:0, instance:testCases.TC002_Login@1f53a5dc]" started-at="2026-03-11T16:36:48 GMT+03:00" name="exit" finished-at="2026-03-11T16:36:49 GMT+03:00" duration-ms="533" status="PASS">
          <reporter-output>
          </reporter-output>
        </test-method> <!-- exit -->
      </class> <!-- testCases.TC002_Login -->
      <class name="testCases.TC004_SearchProduct">
        <test-method is-config="true" signature="setup(java.lang.String,java.lang.String)[pri:0, instance:testCases.TC004_SearchProduct@1984b1f]" started-at="2026-03-11T16:36:49 GMT+03:00" name="setup" finished-at="2026-03-11T16:36:58 GMT+03:00" duration-ms="9089" status="PASS">
          <params>
            <param index="0">
              <value>
                <![CDATA[Windows]]>
              </value>
            </param>
            <param index="1">
              <value>
                <![CDATA[Chrome]]>
              </value>
            </param>
          </params>
          <reporter-output>
          </reporter-output>
        </test-method> <!-- setup -->
        <test-method signature="verify_search_Macbook()[pri:0, instance:testCases.TC004_SearchProduct@1984b1f]" started-at="2026-03-11T16:36:58 GMT+03:00" name="verify_search_Macbook" finished-at="2026-03-11T16:36:59 GMT+03:00" duration-ms="1058" status="PASS">
          <reporter-output>
          </reporter-output>
        </test-method> <!-- verify_search_Macbook -->
        <test-method is-config="true" signature="exit()[pri:0, instance:testCases.TC004_SearchProduct@1984b1f]" started-at="2026-03-11T16:36:59 GMT+03:00" name="exit" finished-at="2026-03-11T16:36:59 GMT+03:00" duration-ms="310" status="PASS">
          <reporter-output>
          </reporter-output>
        </test-method> <!-- exit -->
      </class> <!-- testCases.TC004_SearchProduct -->
    </test> <!-- Test -->
  </suite> <!-- Suite -->
</testng-results>
