<?xml version="1.0" encoding="UTF-8"?>
<testng-results ignored="2" total="3" passed="1" failed="0" skipped="0">
  <reporter-output>
  </reporter-output>
  <suite started-at="2026-03-01T17:08:47 GMT+03:00" name="Suite" finished-at="2026-03-01T17:09:32 GMT+03:00" duration-ms="44625">
    <groups>
      <group name="Master">
        <method signature="TC002_Login.verify_account_registration()[pri:0, instance:testCases.TC002_Login@7ec7ffd3]" name="verify_account_registration" class="testCases.TC002_Login"/>
      </group> <!-- Master -->
      <group name="Sanity">
        <method signature="TC002_Login.verify_account_registration()[pri:0, instance:testCases.TC002_Login@7ec7ffd3]" name="verify_account_registration" class="testCases.TC002_Login"/>
      </group> <!-- Sanity -->
    </groups>
    <test started-at="2026-03-01T17:08:47 GMT+03:00" name="Test" finished-at="2026-03-01T17:09:32 GMT+03:00" duration-ms="44625">
      <class name="testCases.TC002_Login">
        <test-method is-config="true" signature="setup(java.lang.String,java.lang.String)[pri:0, instance:testCases.TC002_Login@7ec7ffd3]" started-at="2026-03-01T17:08:48 GMT+03:00" name="setup" finished-at="2026-03-01T17:09:26 GMT+03:00" duration-ms="38326" status="PASS">
          <params>
            <param index="0">
              <value>
                <![CDATA[Linux]]>
              </value>
            </param>
            <param index="1">
              <value>
                <![CDATA[Chrome]]>
              </value>
            </param>
          </params>
          <reporter-output>
          </reporter-output>
        </test-method> <!-- setup -->
        <test-method signature="verify_account_registration()[pri:0, instance:testCases.TC002_Login@7ec7ffd3]" started-at="2026-03-01T17:09:26 GMT+03:00" name="verify_account_registration" finished-at="2026-03-01T17:09:31 GMT+03:00" duration-ms="4369" status="PASS">
          <reporter-output>
          </reporter-output>
        </test-method> <!-- verify_account_registration -->
        <test-method is-config="true" signature="exit()[pri:0, instance:testCases.TC002_Login@7ec7ffd3]" started-at="2026-03-01T17:09:31 GMT+03:00" name="exit" finished-at="2026-03-01T17:09:32 GMT+03:00" duration-ms="893" status="PASS">
          <reporter-output>
          </reporter-output>
        </test-method> <!-- exit -->
      </class> <!-- testCases.TC002_Login -->
    </test> <!-- Test -->
  </suite> <!-- Suite -->
</testng-results>
